TN:
SF:src/presentation/services/pets/Register.ts
FN:6,handle
FNF:1
FNH:1
FNDA:3,handle
DA:1,1
DA:2,1
DA:3,1
DA:4,1
DA:5,1
DA:6,1
DA:7,3
DA:8,3
DA:9,3
DA:10,1
DA:11,1
DA:12,1
DA:13,1
DA:14,1
LF:14
LH:14
BRDA:6,0,0,3
BRDA:8,1,0,1
BRDA:9,2,0,2
BRDA:9,3,0,1
BRF:4
BRH:4
end_of_record
TN:
SF:src/presentation/utils/Responses.ts
FN:4,ok
FN:11,badRequest
FNF:2
FNH:2
FNDA:1,ok
FNDA:2,badRequest
DA:1,1
DA:2,1
DA:3,1
DA:4,1
DA:5,1
DA:6,1
DA:7,1
DA:8,1
DA:9,1
DA:10,1
DA:11,1
DA:12,2
DA:13,2
DA:14,2
DA:15,2
DA:16,2
DA:17,1
DA:18,1
DA:19,1
DA:20,1
DA:21,1
LF:21
LH:21
BRDA:4,0,0,1
BRDA:11,1,0,2
BRF:2
BRH:2
end_of_record
